Added Component: Designator=J_BME280(HDR1X4)
Add component (AddParameter): Name = "LatestRevisionDate"; Value = "17-Jul-2002"; VariantName = "[No Variations]"
Add component (AddParameter): Name = "LatestRevisionNote"; Value = "Re-released for DXP Platform."; VariantName = "[No Variations]"
Add component (AddParameter): Name = "Publisher"; Value = "Altium Limited"; VariantName = "[No Variations]"
Added Component: Designator=J_SH1106(HDR1X4)
Add component (AddParameter): Name = "LatestRevisionDate"; Value = "17-Jul-2002"; VariantName = "[No Variations]"
Add component (AddParameter): Name = "LatestRevisionNote"; Value = "Re-released for DXP Platform."; VariantName = "[No Variations]"
Add component (AddParameter): Name = "Publisher"; Value = "Altium Limited"; VariantName = "[No Variations]"
Added Component: Designator=MCU(MODULE_ESP32-C3_SUPERMINI)
Add component (AddParameter): Name = "Check_prices"; Value = "https://www.snapeda.com/parts/ESP32-C3%20SuperMini_TH/Espressif+Systems/view-part/?ref=eda"; VariantName = "[No Variations]"
Add component (AddParameter): Name = "MF"; Value = "Espressif Systems"; VariantName = "[No Variations]"
Add component (AddParameter): Name = "MP"; Value = "ESP32-C3 SuperMini_TH"; VariantName = "[No Variations]"
Add component (AddParameter): Name = "Package"; Value = "Package"; VariantName = "[No Variations]"
Add component (AddParameter): Name = "SnapEDA_Link"; Value = "https://www.snapeda.com/parts/ESP32-C3%20SuperMini_TH/Espressif+Systems/view-part/?ref=snap"; VariantName = "[No Variations]"
Add component (AddParameter): Name = "Value"; Value = ""; VariantName = "[No Variations]"
Added Pin To Net: NetName=3V3 Pin=J_BME280-1
Added Pin To Net: NetName=3V3 Pin=J_SH1106-1
Added Pin To Net: NetName=3V3 Pin=MCU-3.3
Added Net: Name=3V3
Added Pin To Net: NetName=GND Pin=J_BME280-2
Added Pin To Net: NetName=GND Pin=J_SH1106-2
Added Pin To Net: NetName=GND Pin=MCU-G
Added Net: Name=GND
Added Pin To Net: NetName=SCK Pin=J_BME280-3
Added Pin To Net: NetName=SCK Pin=J_SH1106-3
Added Pin To Net: NetName=SCK Pin=MCU-9
Added Net: Name=SCK
Added Pin To Net: NetName=SDA Pin=J_BME280-4
Added Pin To Net: NetName=SDA Pin=J_SH1106-4
Added Pin To Net: NetName=SDA Pin=MCU-8
Added Net: Name=SDA
Added Class: Name=Umgebungssensor_PCB
Added Room: Name=Umgebungssensor_PCB
